<?xml version="1.0" encoding="utf-8"?><testsuites><testsuite errors="1" failures="0" hostname="PC-20170621WOWM" name="pytest" skipped="0" tests="4" time="67.096" timestamp="2020-07-15T15:35:20.503573"><testcase classname="test_dir.interface.test_all_order_query_page" file="test_dir\interface\test_all_order_query_page.py" line="9" name="test_login" time="0.001"></testcase><testcase classname="test_dir.interface.test_all_order_query_page.TestQuery" file="test_dir\interface\test_all_order_query_page.py" line="17" name="test_query" time="0.106"></testcase><testcase classname="test_dir.interface.test_login" file="test_dir\interface\test_login.py" line="12" name="test_login" time="4.628"></testcase><testcase classname="test_dir.order.all_order.test_main" file="test_dir\order\all_order\test_main.py" line="37" name="test_multi_search" time="61.329"><error message="test setup failure">module = &lt;module &apos;test_dir.order.all_order.test_main&apos; from &apos;D:\\pycham\\newSgTestForAll\\test_dir\\order\\all_order\\test_main.py&apos;&gt;

    def setup_module(module):
&gt;       login.login()

test_dir\order\all_order\test_main.py:15: 
_ _ _ _ _ _ _ _ _ _ _ _ _ _ _ _ _ _ _ _ _ _ _ _ _ _ _ _ _ _ _ _ _ _ _ _ _ _ _ _
page\login_page.py:16: in login
    wait_element(find_xpath(&quot;测试专用-测试&quot;))
_ _ _ _ _ _ _ _ _ _ _ _ _ _ _ _ _ _ _ _ _ _ _ _ _ _ _ _ _ _ _ _ _ _ _ _ _ _ _ _

xpath = &quot;//*[text()=&apos;测试专用-测试&apos;]&quot;

    def wait_element(xpath):
        start = datetime.datetime.now()
        while (datetime.datetime.now() - start).seconds &lt; 30:
            try:
                element = driver.find_element_by_xpath(xpath)
                if element:
                    return element
                else:
                    continue
            except Exception:
                continue
&gt;       assert 1 == 2, &quot;元素不存在:{}&quot;.format(xpath)
E       AssertionError: 元素不存在://*[text()=&apos;测试专用-测试&apos;]

page\base_page.py:67: AssertionError</error></testcase></testsuite></testsuites>